	STAR --runThreadN 8 --runMode genomeGenerate --genomeDir /data/hodges_lab/hg38_genome/hg38_GTF-ensembl.104_index_49 --genomeFastaFiles /data/hodges_lab/hg38_genome/hg38.fa --sjdbGTFfile /data/hodges_lab/hg38_genome/Homo_sapiens.GRCh38.104.modified.gtf --sjdbOverhang 49
	STAR version: 2.7.10a   compiled: 2022-01-14T18:50:00-05:00 :/home/dobin/data/STAR/STARcode/STAR.master/source
Mar 16 14:42:19 ..... started STAR run
Mar 16 14:42:19 ... starting to generate Genome files
Mar 16 14:43:31 ..... processing annotations GTF
Mar 16 14:44:07 ... starting to sort Suffix Array. This may take a long time...
Mar 16 14:44:24 ... sorting Suffix Array chunks and saving them to disk...
Mar 16 15:27:30 ... loading chunks from disk, packing SA...
Mar 16 15:39:26 ... finished generating suffix array
Mar 16 15:39:26 ... generating Suffix Array index
Mar 16 15:44:47 ... completed Suffix Array index
Mar 16 15:44:49 ..... inserting junctions into the genome indices
Mar 16 15:47:42 ... writing Genome to disk ...
Mar 16 15:48:00 ... writing Suffix Array to disk ...
Mar 16 15:49:54 ... writing SAindex to disk
Mar 16 15:50:02 ..... finished successfully

EXITING: FATAL INPUT ERROR: empty value for parameter "sjdbGTFfile" in input "Command-Line"
SOLUTION: use non-empty value for this parameter

Mar 16 15:50:03 ...... FATAL ERROR, exiting
	STAR --runThreadN 8 --runMode genomeGenerate --genomeDir /data/hodges_lab/hg38_genome/hg38_GTF-ensembl.104_index_35 --genomeFastaFiles /data/hodges_lab/hg38_genome/hg38.fa --sjdbGTFfile /data/hodges_lab/hg38_genome/Homo_sapiens.GRCh38.104.modified.gtf --sjdbOverhang 35
	STAR version: 2.7.10a   compiled: 2022-01-14T18:50:00-05:00 :/home/dobin/data/STAR/STARcode/STAR.master/source
Mar 16 15:50:03 ..... started STAR run
Mar 16 15:50:03 ... starting to generate Genome files
Mar 16 15:51:45 ..... processing annotations GTF
Mar 16 15:52:34 ... starting to sort Suffix Array. This may take a long time...
Mar 16 15:52:50 ... sorting Suffix Array chunks and saving them to disk...
Mar 16 16:39:26 ... loading chunks from disk, packing SA...
Mar 16 16:49:33 ... finished generating suffix array
Mar 16 16:49:33 ... generating Suffix Array index
Mar 16 16:54:45 ... completed Suffix Array index
Mar 16 16:54:45 ..... inserting junctions into the genome indices
Mar 16 16:57:10 ... writing Genome to disk ...
Mar 16 16:57:42 ... writing Suffix Array to disk ...
Mar 16 17:01:38 ... writing SAindex to disk
Mar 16 17:01:51 ..... finished successfully

EXITING: FATAL INPUT ERROR: empty value for parameter "sjdbGTFfile" in input "Command-Line"
SOLUTION: use non-empty value for this parameter

Mar 16 17:01:52 ...... FATAL ERROR, exiting
