spots read      : 29,940,554
reads read      : 59,881,108
reads written   : 59,881,108
spots read      : 30,169,100
reads read      : 60,338,200
reads written   : 60,338,200
spots read      : 29,739,406
reads read      : 59,478,812
reads written   : 59,478,812
spots read      : 35,817,572
reads read      : 71,635,144
reads written   : 71,635,144
spots read      : 53,957,095
reads read      : 107,914,190
reads written   : 107,914,190
spots read      : 50,476,030
reads read      : 100,952,060
reads written   : 100,952,060
spots read      : 27,585,401
reads read      : 55,170,802
reads written   : 55,170,802
spots read      : 70,704,119
reads read      : 141,408,238
reads written   : 141,408,238
spots read      : 16,601,754
reads read      : 33,203,508
reads written   : 33,203,508
spots read      : 36,710,832
reads read      : 73,421,664
reads written   : 73,421,664
