	STAR --runThreadN 8 --runMode genomeGenerate --genomeDir /data/hodges_lab/rheMac10_genome/rheMac10_GTF-ensembl.104_index_49 --genomeFastaFiles /data/hodges_lab/rheMac10_genome/rheMac10.fa --sjdbGTFfile /data/hodges_lab/rheMac10_genome/Macaca_mulatta.Mmul_10.104.modified.gtf --sjdbOverhang 49
	STAR version: 2.7.10a   compiled: 2022-01-14T18:50:00-05:00 :/home/dobin/data/STAR/STARcode/STAR.master/source
Mar 16 20:03:37 ..... started STAR run
Mar 16 20:03:37 ... starting to generate Genome files
Mar 16 20:08:24 ..... processing annotations GTF
Mar 16 20:09:33 ... starting to sort Suffix Array. This may take a long time...
Mar 16 20:09:50 ... sorting Suffix Array chunks and saving them to disk...
Mar 16 20:36:09 ... loading chunks from disk, packing SA...
Mar 16 21:13:14 ... finished generating suffix array
Mar 16 21:13:14 ... generating Suffix Array index
Mar 16 21:17:06 ... completed Suffix Array index
Mar 16 21:17:09 ..... inserting junctions into the genome indices
Mar 16 21:19:04 ... writing Genome to disk ...
Mar 16 21:21:20 ... writing Suffix Array to disk ...
Mar 16 21:28:39 ... writing SAindex to disk
Mar 16 21:29:00 ..... finished successfully
	STAR --runThreadN 8 --runMode genomeGenerate --genomeDir /data/hodges_lab/rheMac10_genome/rheMac10_GTF-ensembl.104_index_35 --genomeFastaFiles /data/hodges_lab/rheMac10_genome/rheMac10.fa --sjdbGTFfile /data/hodges_lab/rheMac10_genome/Macaca_mulatta.Mmul_10.104.modified.gtf --sjdbOverhang 35
	STAR version: 2.7.10a   compiled: 2022-01-14T18:50:00-05:00 :/home/dobin/data/STAR/STARcode/STAR.master/source
Mar 16 21:29:02 ..... started STAR run
Mar 16 21:29:02 ... starting to generate Genome files
Mar 16 21:30:36 ..... processing annotations GTF
Mar 16 21:31:06 ... starting to sort Suffix Array. This may take a long time...
Mar 16 21:31:22 ... sorting Suffix Array chunks and saving them to disk...
Mar 16 21:55:54 ... loading chunks from disk, packing SA...
Mar 16 22:04:13 ... finished generating suffix array
Mar 16 22:04:13 ... generating Suffix Array index
Mar 16 22:08:12 ... completed Suffix Array index
Mar 16 22:08:12 ..... inserting junctions into the genome indices
Mar 16 22:09:55 ... writing Genome to disk ...
Mar 16 22:11:27 ... writing Suffix Array to disk ...
Mar 16 22:15:29 ... writing SAindex to disk
Mar 16 22:15:43 ..... finished successfully
